<?xml version="1.0" encoding="UTF-8"?>
<!-- Generated by org.testng.reporters.JUnitXMLReporter -->
<testsuite hostname="LAPTOP-0A93O8N2" ignored="0" name="Default test" tests="4" failures="0" timestamp="08 Sep 2019 07:03:33 GMT" time="65.911" errors="0">
  <testcase name="runTC002" time="9.698" classname="com.leafBot.testcases.TC002_CreateLead"/>
  <testcase name="runTC002" time="12.167" classname="com.leafBot.testcases.TC002_CreateLead"/>
  <testcase name="runTC002" time="9.284" classname="com.leafBot.testcases.TC002_CreateLead"/>
  <testcase name="runTC002" time="10.392" classname="com.leafBot.testcases.TC002_CreateLead"/>
</testsuite> <!-- Default test -->
