<?xml version="1.0" encoding="UTF-8"?>
<testng-results skipped="0" failed="0" ignored="0" total="4" passed="4">
  <reporter-output>
  </reporter-output>
  <suite name="Suite" duration-ms="75052" started-at="2019-09-08T10:14:27Z" finished-at="2019-09-08T10:15:42Z">
    <groups>
      <group name="cucumber">
        <method signature="AbstractTestNGCucumberTests.runScenario(cucumber.api.testng.PickleEventWrapper, cucumber.api.testng.CucumberFeatureWrapper)[pri:0, instance:com.leafBot.testcases.TC002_CreateLead@5ed7a6]" name="runScenario" class="cucumber.api.testng.AbstractTestNGCucumberTests"/>
      </group> <!-- cucumber -->
    </groups>
    <test name="Test" duration-ms="75052" started-at="2019-09-08T10:14:27Z" finished-at="2019-09-08T10:15:42Z">
      <class name="com.leafBot.testcases.TC002_CreateLead">
        <test-method status="PASS" signature="startReport()[pri:0, instance:com.leafBot.testcases.TC002_CreateLead@5ed7a6]" name="startReport" is-config="true" duration-ms="316" started-at="2019-09-08T10:14:27Z" finished-at="2019-09-08T10:14:27Z">
          <reporter-output>
          </reporter-output>
        </test-method> <!-- startReport -->
        <test-method status="PASS" signature="SetData()[pri:0, instance:com.leafBot.testcases.TC002_CreateLead@5ed7a6]" name="SetData" is-config="true" duration-ms="0" started-at="2019-09-08T10:14:27Z" finished-at="2019-09-08T10:14:27Z">
          <reporter-output>
          </reporter-output>
        </test-method> <!-- SetData -->
        <test-method status="PASS" signature="setUpClass()[pri:0, instance:com.leafBot.testcases.TC002_CreateLead@5ed7a6]" name="setUpClass" is-config="true" duration-ms="76" started-at="2019-09-08T10:14:27Z" finished-at="2019-09-08T10:14:27Z">
          <reporter-output>
          </reporter-output>
        </test-method> <!-- setUpClass -->
        <test-method status="PASS" signature="report()[pri:0, instance:com.leafBot.testcases.TC002_CreateLead@5ed7a6]" name="report" is-config="true" duration-ms="4" started-at="2019-09-08T10:14:27Z" finished-at="2019-09-08T10:14:27Z">
          <reporter-output>
          </reporter-output>
        </test-method> <!-- report -->
        <test-method status="PASS" signature="beforeMethod()[pri:0, instance:com.leafBot.testcases.TC002_CreateLead@5ed7a6]" name="beforeMethod" is-config="true" duration-ms="4501" started-at="2019-09-08T10:14:28Z" finished-at="2019-09-08T10:14:32Z">
          <reporter-output>
          </reporter-output>
        </test-method> <!-- beforeMethod -->
        <test-method status="PASS" signature="runTC002(java.lang.String, java.lang.String, java.lang.String, java.lang.String, java.lang.String)[pri:0, instance:com.leafBot.testcases.TC002_CreateLead@5ed7a6]" name="runTC002" duration-ms="11800" started-at="2019-09-08T10:14:32Z" data-provider="fetchData" finished-at="2019-09-08T10:14:44Z">
          <params>
            <param index="0">
              <value>
                <![CDATA[DemoSalesManager]]>
              </value>
            </param>
            <param index="1">
              <value>
                <![CDATA[crmsfa]]>
              </value>
            </param>
            <param index="2">
              <value>
                <![CDATA[Ram]]>
              </value>
            </param>
            <param index="3">
              <value>
                <![CDATA[TestLeaf]]>
              </value>
            </param>
            <param index="4">
              <value>
                <![CDATA[K]]>
              </value>
            </param>
          </params>
          <reporter-output>
          </reporter-output>
        </test-method> <!-- runTC002 -->
        <test-method status="PASS" signature="afterMethod()[pri:0, instance:com.leafBot.testcases.TC002_CreateLead@5ed7a6]" name="afterMethod" is-config="true" duration-ms="2335" started-at="2019-09-08T10:14:44Z" finished-at="2019-09-08T10:14:46Z">
          <reporter-output>
          </reporter-output>
        </test-method> <!-- afterMethod -->
        <test-method status="PASS" signature="beforeMethod()[pri:0, instance:com.leafBot.testcases.TC002_CreateLead@5ed7a6]" name="beforeMethod" is-config="true" duration-ms="4588" started-at="2019-09-08T10:14:46Z" finished-at="2019-09-08T10:14:51Z">
          <reporter-output>
          </reporter-output>
        </test-method> <!-- beforeMethod -->
        <test-method status="PASS" signature="runTC002(java.lang.String, java.lang.String, java.lang.String, java.lang.String, java.lang.String)[pri:0, instance:com.leafBot.testcases.TC002_CreateLead@5ed7a6]" name="runTC002" duration-ms="11630" started-at="2019-09-08T10:14:51Z" data-provider="fetchData" finished-at="2019-09-08T10:15:02Z">
          <params>
            <param index="0">
              <value>
                <![CDATA[DemoSalesManager]]>
              </value>
            </param>
            <param index="1">
              <value>
                <![CDATA[crmsfa]]>
              </value>
            </param>
            <param index="2">
              <value>
                <![CDATA[Sam]]>
              </value>
            </param>
            <param index="3">
              <value>
                <![CDATA[CTS]]>
              </value>
            </param>
            <param index="4">
              <value>
                <![CDATA[N]]>
              </value>
            </param>
          </params>
          <reporter-output>
          </reporter-output>
        </test-method> <!-- runTC002 -->
        <test-method status="PASS" signature="afterMethod()[pri:0, instance:com.leafBot.testcases.TC002_CreateLead@5ed7a6]" name="afterMethod" is-config="true" duration-ms="2339" started-at="2019-09-08T10:15:02Z" finished-at="2019-09-08T10:15:05Z">
          <reporter-output>
          </reporter-output>
        </test-method> <!-- afterMethod -->
        <test-method status="PASS" signature="beforeMethod()[pri:0, instance:com.leafBot.testcases.TC002_CreateLead@5ed7a6]" name="beforeMethod" is-config="true" duration-ms="4420" started-at="2019-09-08T10:15:05Z" finished-at="2019-09-08T10:15:09Z">
          <reporter-output>
          </reporter-output>
        </test-method> <!-- beforeMethod -->
        <test-method status="PASS" signature="runTC002(java.lang.String, java.lang.String, java.lang.String, java.lang.String, java.lang.String)[pri:0, instance:com.leafBot.testcases.TC002_CreateLead@5ed7a6]" name="runTC002" duration-ms="11937" started-at="2019-09-08T10:15:09Z" data-provider="fetchData" finished-at="2019-09-08T10:15:21Z">
          <params>
            <param index="0">
              <value>
                <![CDATA[DemoSalesManager]]>
              </value>
            </param>
            <param index="1">
              <value>
                <![CDATA[crmsfa]]>
              </value>
            </param>
            <param index="2">
              <value>
                <![CDATA[Priya]]>
              </value>
            </param>
            <param index="3">
              <value>
                <![CDATA[TCS]]>
              </value>
            </param>
            <param index="4">
              <value>
                <![CDATA[G]]>
              </value>
            </param>
          </params>
          <reporter-output>
          </reporter-output>
        </test-method> <!-- runTC002 -->
        <test-method status="PASS" signature="afterMethod()[pri:0, instance:com.leafBot.testcases.TC002_CreateLead@5ed7a6]" name="afterMethod" is-config="true" duration-ms="2099" started-at="2019-09-08T10:15:21Z" finished-at="2019-09-08T10:15:23Z">
          <reporter-output>
          </reporter-output>
        </test-method> <!-- afterMethod -->
        <test-method status="PASS" signature="beforeMethod()[pri:0, instance:com.leafBot.testcases.TC002_CreateLead@5ed7a6]" name="beforeMethod" is-config="true" duration-ms="4379" started-at="2019-09-08T10:15:23Z" finished-at="2019-09-08T10:15:28Z">
          <reporter-output>
          </reporter-output>
        </test-method> <!-- beforeMethod -->
        <test-method status="PASS" signature="runTC002(java.lang.String, java.lang.String, java.lang.String, java.lang.String, java.lang.String)[pri:0, instance:com.leafBot.testcases.TC002_CreateLead@5ed7a6]" name="runTC002" duration-ms="12158" started-at="2019-09-08T10:15:28Z" data-provider="fetchData" finished-at="2019-09-08T10:15:40Z">
          <params>
            <param index="0">
              <value>
                <![CDATA[DemoSalesManager]]>
              </value>
            </param>
            <param index="1">
              <value>
                <![CDATA[crmsfa]]>
              </value>
            </param>
            <param index="2">
              <value>
                <![CDATA[Sita]]>
              </value>
            </param>
            <param index="3">
              <value>
                <![CDATA[Infotech]]>
              </value>
            </param>
            <param index="4">
              <value>
                <![CDATA[R]]>
              </value>
            </param>
          </params>
          <reporter-output>
          </reporter-output>
        </test-method> <!-- runTC002 -->
        <test-method status="PASS" signature="afterMethod()[pri:0, instance:com.leafBot.testcases.TC002_CreateLead@5ed7a6]" name="afterMethod" is-config="true" duration-ms="2342" started-at="2019-09-08T10:15:40Z" finished-at="2019-09-08T10:15:42Z">
          <reporter-output>
          </reporter-output>
        </test-method> <!-- afterMethod -->
        <test-method status="PASS" signature="tearDownClass()[pri:0, instance:com.leafBot.testcases.TC002_CreateLead@5ed7a6]" name="tearDownClass" is-config="true" duration-ms="5" started-at="2019-09-08T10:15:42Z" finished-at="2019-09-08T10:15:42Z">
          <reporter-output>
          </reporter-output>
        </test-method> <!-- tearDownClass -->
        <test-method status="PASS" signature="stopReport()[pri:0, instance:com.leafBot.testcases.TC002_CreateLead@5ed7a6]" name="stopReport" is-config="true" duration-ms="215" started-at="2019-09-08T10:15:42Z" finished-at="2019-09-08T10:15:42Z">
          <reporter-output>
          </reporter-output>
        </test-method> <!-- stopReport -->
      </class> <!-- com.leafBot.testcases.TC002_CreateLead -->
    </test> <!-- Test -->
  </suite> <!-- Suite -->
</testng-results>
