<?xml version="1.0" encoding="UTF-8"?>
<!-- Generated by org.testng.reporters.JUnitXMLReporter -->
<testsuite hostname="LAPTOP-0A93O8N2" ignored="0" name="Test" tests="4" failures="0" timestamp="08 Sep 2019 10:15:42 GMT" time="75.052" errors="0">
  <testcase name="runTC002" time="11.8" classname="com.leafBot.testcases.TC002_CreateLead"/>
  <testcase name="runTC002" time="11.63" classname="com.leafBot.testcases.TC002_CreateLead"/>
  <testcase name="runTC002" time="11.937" classname="com.leafBot.testcases.TC002_CreateLead"/>
  <testcase name="runTC002" time="12.158" classname="com.leafBot.testcases.TC002_CreateLead"/>
</testsuite> <!-- Test -->
